
START - automation started - Thu Nov 16 2023 19:26:23 GMT-0300 (Hora oficial do Brasil)

LIVE MODE - type done to quit
 [RPA][STARTED]
[RPA][0] - listening for inputs
[RPA][1] - https://cav.receita.fazenda.gov.br/autenticacao/
[RPA][1] - listening for inputs
[RPA][2] - click (1634,939)
[RPA][2] - listening for inputs
[RPA][3] - exist_result = exist('primeiroclick.png').toString()
[RPA][3] - listening for inputs
[RPA][4] - dump exist_result to rpa_python.txt
[RPA][4] - listening for inputs
[RPA][5] - click primeiroclick.png
[RPA][5] - listening for inputs
[RPA][6] - exist_result = exist('segundoclick.png').toString()
[RPA][6] - listening for inputs
[RPA][7] - dump exist_result to rpa_python.txt
[RPA][7] - listening for inputs
[RPA][8] - click segundoclick.png
[RPA][8] - listening for inputs
[RPA][9] - exist_result = exist('casinha.png').toString()
[RPA][9] - listening for inputs
[RPA][10] - dump exist_result to rpa_python.txt
[RPA][10] - listening for inputs
[RPA][11] - click casinha.png
[RPA][11] - listening for inputs
[RPA][12] - exist_result = exist('periododeapuracao.png').toString()
[RPA][12] - listening for inputs
[RPA][13] - dump exist_result to rpa_python.txt
[RPA][13] - listening for inputs
[RPA][14] - click periododeapuracao.png
[RPA][14] - listening for inputs
[RPA][15] - exist_result = exist('continuar.png').toString()
[RPA][15] - listening for inputs
[RPA][16] - dump exist_result to rpa_python.txt
[RPA][16] - listening for inputs
[RPA][17] - click continuar.png
[RPA][17] - listening for inputs
[RPA][18] - exist_result = exist('incluirnova.png').toString()
[RPA][18] - listening for inputs
[RPA][19] - dump exist_result to rpa_python.txt
[RPA][19] - listening for inputs
[RPA][20] - click incluirnova.png
[RPA][20] - listening for inputs
[RPA][21] - click (444,581)
[RPA][21] - listening for inputs
[RPA][22] - exist_result = exist('incluirnovo.png').toString()
[RPA][22] - listening for inputs
[RPA][23] - dump exist_result to rpa_python.txt
[RPA][23] - listening for inputs
[RPA][24] - exist_result = exist('datadofatogerador.png').toString()
